<?xml version="1.0" encoding="UTF-8"?>
<!-- Generated by org.testng.reporters.JUnitXMLReporter -->
<testsuite hostname="DESKTOP-DF9ER86" ignored="0" name="Default test" tests="8" failures="0" timestamp="08 Feb 2023 06:25:14 GMT" time="20.663" errors="0">
  <testcase name="login" time="13.784" classname="com.base.Sample"/>
  <testcase name="stateList" time="0.894" classname="com.base.Sample"/>
  <testcase name="cityList" time="1.444" classname="com.base.Sample"/>
  <testcase name="addUserAddress" time="0.824" classname="com.base.Sample"/>
  <testcase name="updateUserAddress" time="0.9" classname="com.base.Sample"/>
  <testcase name="getUserAddress" time="0.899" classname="com.base.Sample"/>
  <testcase name="deleteUserAddress" time="0.873" classname="com.base.Sample"/>
  <testcase name="searchProduct" time="0.859" classname="com.base.Sample"/>
</testsuite> <!-- Default test -->
